<!DOCTYPE html PUBLIC "-//W3C//DTD XHTML 1.1//EN" "http://www.w3.org/TR/xhtml11/DTD/xhtml11.dtd">
<html xmlns="http://www.w3.org/1999/xhtml"><head><title>TestNG Report</title><style type="text/css">table {margin-bottom:10px;border-collapse:collapse;empty-cells:show}th,td {border:1px solid #009;padding:.25em .5em}th {vertical-align:bottom}td {vertical-align:top}table a {font-weight:bold}.stripe td {background-color: #E6EBF9}.num {text-align:right}.passedodd td {background-color: #3F3}.passedeven td {background-color: #0A0}.skippedodd td {background-color: #DDD}.skippedeven td {background-color: #CCC}.failedodd td,.attn {background-color: #F33}.failedeven td,.stripe .attn {background-color: #D00}.stacktrace {white-space:pre;font-family:monospace}.totop {font-size:85%;text-align:center;border-bottom:2px solid #000}</style></head><body><table><tr><th>Test</th><th># Passed</th><th># Skipped</th><th># Failed</th><th>Time (ms)</th><th>Included Groups</th><th>Excluded Groups</th></tr><tr><th colspan="7">Command line suite</th></tr><tr><td><a href="#t0">Command line test</a></td><td class="num">9</td><td class="num">0</td><td class="num attn">3</td><td class="num">873,241</td><td></td><td></td></tr></table><table id='summary'><thead><tr><th>Class</th><th>Method</th><th>Start</th><th>Time (ms)</th></tr></thead><tbody><tr><th colspan="4">Command line suite</th></tr></tbody><tbody id="t0"><tr><th colspan="4">Command line test &#8212; failed</th></tr><tr class="failedeven"><td rowspan="3">com.policy.pac.tests.PricingPageTest</td><td><a href="#m0">EducatioRiskManagementTest</a></td><td rowspan="3">1615370362782</td><td rowspan="3">57530</td></tr><tr class="failedeven"><td><a href="#m1">EducatioRiskManagementTest</a></td></tr><tr class="failedeven"><td><a href="#m2">EducatioRiskManagementTest</a></td></tr><tr><th colspan="4">Command line test &#8212; passed</th></tr><tr class="passedeven"><td rowspan="1">com.policy.pac.tests.ApplicantPageTest</td><td><a href="#m3">applicantTest</a></td><td rowspan="1">1615369623120</td><td rowspan="1">28960</td></tr><tr class="passedodd"><td rowspan="1">com.policy.pac.tests.ClassDeterminationPageTest</td><td><a href="#m4">EducatioRiskManagementTest</a></td><td rowspan="1">1615369737452</td><td rowspan="1">38961</td></tr><tr class="passedeven"><td rowspan="1">com.policy.pac.tests.CoveragePageTest</td><td><a href="#m5">CoveragepageTest</a></td><td rowspan="1">1615369874445</td><td rowspan="1">33198</td></tr><tr class="passedodd"><td rowspan="1">com.policy.pac.tests.EducatioRiskManagementPageTest</td><td><a href="#m6">EducatioRiskManagementTest</a></td><td rowspan="1">1615370016155</td><td rowspan="1">36848</td></tr><tr class="passedeven"><td rowspan="1">com.policy.pac.tests.HomePageTest</td><td><a href="#m7">Navigatetonewquote</a></td><td rowspan="1">1615370451787</td><td rowspan="1">2135</td></tr><tr class="passedodd"><td rowspan="1">com.policy.pac.tests.NewQuotePageTest</td><td><a href="#m8">populatedataonnewquotepageTest</a></td><td rowspan="1">1615369689415</td><td rowspan="1">12430</td></tr><tr class="passedeven"><td rowspan="1">com.policy.pac.tests.PaymentplanPageTest</td><td><a href="#m9">EducatioRiskManagementTest</a></td><td rowspan="1">1615369811061</td><td rowspan="1">27140</td></tr><tr class="passedodd"><td rowspan="1">com.policy.pac.tests.PolicyPageTest</td><td><a href="#m10">policyTest</a></td><td rowspan="1">1615369945601</td><td rowspan="1">33057</td></tr><tr class="passedeven"><td rowspan="1">com.policy.pac.tests.PricingPageTest</td><td><a href="#m11">EducatioRiskManagementTest</a></td><td rowspan="1">1615370186520</td><td rowspan="1">54476</td></tr></tbody></table><h2>Command line test</h2><h3 id="m0">com.policy.pac.tests.PricingPageTest#EducatioRiskManagementTest</h3><table class="result"><tr class="param"><th>Parameter #1</th><th>Parameter #2</th><th>Parameter #3</th><th>Parameter #4</th><th>Parameter #5</th><th>Parameter #6</th></tr><tr class="param stripe"><td>Arthur J Gallagher Risk Management Srvs, Inc (IL)</td><td>Fortress</td><td>AZ</td><td>Individual</td><td>Primary PL</td><td>Test Party 2 - AZ</td></tr><tr><th colspan="6">Exception</th></tr><tr><td colspan="6"><div class="stacktrace">org.openqa.selenium.NoSuchElementException: no such element: Unable to locate element: {&quot;method&quot;:&quot;xpath&quot;,&quot;selector&quot;:&quot;.//*[@fieldref=&apos;PolicySummary.PolicyNumber&apos;]&quot;}
  (Session info: chrome=88.0.4324.190)
For documentation on this error, please visit: http://seleniumhq.org/exceptions/no_such_element.html
Build info: version: &apos;3.14.0&apos;, revision: &apos;aacccce0&apos;, time: &apos;2018-08-02T20:19:58.91Z&apos;
System info: host: &apos;MT-PF14FL5R&apos;, ip: &apos;172.16.8.7&apos;, os.name: &apos;Windows 10&apos;, os.arch: &apos;amd64&apos;, os.version: &apos;10.0&apos;, java.version: &apos;11.0.10&apos;
Driver info: org.openqa.selenium.chrome.ChromeDriver
Capabilities {acceptInsecureCerts: false, browserName: chrome, browserVersion: 88.0.4324.190, chrome: {chromedriverVersion: 88.0.4324.96 (68dba2d8a0b14..., userDataDir: C:\Users\M1056369\AppData\L...}, goog:chromeOptions: {debuggerAddress: localhost:53839}, javascriptEnabled: true, networkConnectionEnabled: false, pageLoadStrategy: normal, platform: WINDOWS, platformName: WINDOWS, proxy: Proxy(), setWindowRect: true, strictFileInteractability: false, timeouts: {implicit: 0, pageLoad: 300000, script: 30000}, unhandledPromptBehavior: dismiss and notify, webauthn:extension:largeBlob: true, webauthn:virtualAuthenticators: true}
Session ID: 7c6baeb3731523648d3ebf2169b8ab22
*** Element info: {Using=xpath, value=.//*[@fieldref=&apos;PolicySummary.PolicyNumber&apos;]}
	at org.openqa.selenium.remote.http.W3CHttpResponseCodec.createException(W3CHttpResponseCodec.java:187)
	at org.openqa.selenium.remote.http.W3CHttpResponseCodec.decode(W3CHttpResponseCodec.java:122)
	at org.openqa.selenium.remote.http.W3CHttpResponseCodec.decode(W3CHttpResponseCodec.java:49)
	at org.openqa.selenium.remote.HttpCommandExecutor.execute(HttpCommandExecutor.java:158)
	at org.openqa.selenium.remote.service.DriverCommandExecutor.execute(DriverCommandExecutor.java:83)
	at org.openqa.selenium.remote.RemoteWebDriver.execute(RemoteWebDriver.java:548)
	at org.openqa.selenium.remote.RemoteWebDriver.findElement(RemoteWebDriver.java:322)
	at org.openqa.selenium.remote.RemoteWebDriver.findElementByXPath(RemoteWebDriver.java:424)
	at org.openqa.selenium.By$ByXPath.findElement(By.java:353)
	at org.openqa.selenium.remote.RemoteWebDriver.findElement(RemoteWebDriver.java:314)
	at org.openqa.selenium.support.events.EventFiringWebDriver.lambda$new$1(EventFiringWebDriver.java:105)
	at com.sun.proxy.$Proxy8.findElement(Unknown Source)
	at org.openqa.selenium.support.events.EventFiringWebDriver.findElement(EventFiringWebDriver.java:194)
	at com.policy.pac.tests.PricingPageTest.EducatioRiskManagementTest(PricingPageTest.java:138)
... Removed 42 stack frames</div></td></tr></table><p class="totop"><a href="#summary">back to summary</a></p><h3 id="m1">com.policy.pac.tests.PricingPageTest#EducatioRiskManagementTest</h3><table class="result"><tr class="param"><th>Parameter #1</th><th>Parameter #2</th><th>Parameter #3</th><th>Parameter #4</th><th>Parameter #5</th><th>Parameter #6</th></tr><tr class="param stripe"><td>Arthur J Gallagher Risk Management Srvs, Inc (IL)</td><td>Fortress</td><td>AK</td><td>Individual</td><td>Primary PL</td><td>Test Party 2 - AK</td></tr><tr><th colspan="6">Exception</th></tr><tr><td colspan="6"><div class="stacktrace">org.openqa.selenium.NoSuchElementException: no such element: Unable to locate element: {&quot;method&quot;:&quot;xpath&quot;,&quot;selector&quot;:&quot;.//*[@fieldref=&apos;PolicySummary.PolicyNumber&apos;]&quot;}
  (Session info: chrome=88.0.4324.190)
For documentation on this error, please visit: http://seleniumhq.org/exceptions/no_such_element.html
Build info: version: &apos;3.14.0&apos;, revision: &apos;aacccce0&apos;, time: &apos;2018-08-02T20:19:58.91Z&apos;
System info: host: &apos;MT-PF14FL5R&apos;, ip: &apos;172.16.8.7&apos;, os.name: &apos;Windows 10&apos;, os.arch: &apos;amd64&apos;, os.version: &apos;10.0&apos;, java.version: &apos;11.0.10&apos;
Driver info: org.openqa.selenium.chrome.ChromeDriver
Capabilities {acceptInsecureCerts: false, browserName: chrome, browserVersion: 88.0.4324.190, chrome: {chromedriverVersion: 88.0.4324.96 (68dba2d8a0b14..., userDataDir: C:\Users\M1056369\AppData\L...}, goog:chromeOptions: {debuggerAddress: localhost:53756}, javascriptEnabled: true, networkConnectionEnabled: false, pageLoadStrategy: normal, platform: WINDOWS, platformName: WINDOWS, proxy: Proxy(), setWindowRect: true, strictFileInteractability: false, timeouts: {implicit: 0, pageLoad: 300000, script: 30000}, unhandledPromptBehavior: dismiss and notify, webauthn:extension:largeBlob: true, webauthn:virtualAuthenticators: true}
Session ID: 73a84f568587feb844ffa269f70b3802
*** Element info: {Using=xpath, value=.//*[@fieldref=&apos;PolicySummary.PolicyNumber&apos;]}
	at org.openqa.selenium.remote.http.W3CHttpResponseCodec.createException(W3CHttpResponseCodec.java:187)
	at org.openqa.selenium.remote.http.W3CHttpResponseCodec.decode(W3CHttpResponseCodec.java:122)
	at org.openqa.selenium.remote.http.W3CHttpResponseCodec.decode(W3CHttpResponseCodec.java:49)
	at org.openqa.selenium.remote.HttpCommandExecutor.execute(HttpCommandExecutor.java:158)
	at org.openqa.selenium.remote.service.DriverCommandExecutor.execute(DriverCommandExecutor.java:83)
	at org.openqa.selenium.remote.RemoteWebDriver.execute(RemoteWebDriver.java:548)
	at org.openqa.selenium.remote.RemoteWebDriver.findElement(RemoteWebDriver.java:322)
	at org.openqa.selenium.remote.RemoteWebDriver.findElementByXPath(RemoteWebDriver.java:424)
	at org.openqa.selenium.By$ByXPath.findElement(By.java:353)
	at org.openqa.selenium.remote.RemoteWebDriver.findElement(RemoteWebDriver.java:314)
	at org.openqa.selenium.support.events.EventFiringWebDriver.lambda$new$1(EventFiringWebDriver.java:105)
	at com.sun.proxy.$Proxy8.findElement(Unknown Source)
	at org.openqa.selenium.support.events.EventFiringWebDriver.findElement(EventFiringWebDriver.java:194)
	at com.policy.pac.tests.PricingPageTest.EducatioRiskManagementTest(PricingPageTest.java:138)
... Removed 42 stack frames</div></td></tr></table><p class="totop"><a href="#summary">back to summary</a></p><h3 id="m2">com.policy.pac.tests.PricingPageTest#EducatioRiskManagementTest</h3><table class="result"><tr class="param"><th>Parameter #1</th><th>Parameter #2</th><th>Parameter #3</th><th>Parameter #4</th><th>Parameter #5</th><th>Parameter #6</th></tr><tr class="param stripe"><td>Arthur J Gallagher Risk Management Srvs, Inc (IL)</td><td>Fortress</td><td>AK</td><td>Individual</td><td>Primary PL</td><td>Test Party 2 - AK</td></tr><tr><th colspan="6">Exception</th></tr><tr><td colspan="6"><div class="stacktrace">org.openqa.selenium.NoSuchElementException: no such element: Unable to locate element: {&quot;method&quot;:&quot;xpath&quot;,&quot;selector&quot;:&quot;.//*[@fieldref=&apos;PolicySummary.PolicyNumber&apos;]&quot;}
  (Session info: chrome=88.0.4324.190)
For documentation on this error, please visit: http://seleniumhq.org/exceptions/no_such_element.html
Build info: version: &apos;3.14.0&apos;, revision: &apos;aacccce0&apos;, time: &apos;2018-08-02T20:19:58.91Z&apos;
System info: host: &apos;MT-PF14FL5R&apos;, ip: &apos;172.16.8.7&apos;, os.name: &apos;Windows 10&apos;, os.arch: &apos;amd64&apos;, os.version: &apos;10.0&apos;, java.version: &apos;11.0.10&apos;
Driver info: org.openqa.selenium.chrome.ChromeDriver
Capabilities {acceptInsecureCerts: false, browserName: chrome, browserVersion: 88.0.4324.190, chrome: {chromedriverVersion: 88.0.4324.96 (68dba2d8a0b14..., userDataDir: C:\Users\M1056369\AppData\L...}, goog:chromeOptions: {debuggerAddress: localhost:53546}, javascriptEnabled: true, networkConnectionEnabled: false, pageLoadStrategy: normal, platform: WINDOWS, platformName: WINDOWS, proxy: Proxy(), setWindowRect: true, strictFileInteractability: false, timeouts: {implicit: 0, pageLoad: 300000, script: 30000}, unhandledPromptBehavior: dismiss and notify, webauthn:extension:largeBlob: true, webauthn:virtualAuthenticators: true}
Session ID: cb35f155b5e2e18ce46e85344bf63961
*** Element info: {Using=xpath, value=.//*[@fieldref=&apos;PolicySummary.PolicyNumber&apos;]}
	at org.openqa.selenium.remote.http.W3CHttpResponseCodec.createException(W3CHttpResponseCodec.java:187)
	at org.openqa.selenium.remote.http.W3CHttpResponseCodec.decode(W3CHttpResponseCodec.java:122)
	at org.openqa.selenium.remote.http.W3CHttpResponseCodec.decode(W3CHttpResponseCodec.java:49)
	at org.openqa.selenium.remote.HttpCommandExecutor.execute(HttpCommandExecutor.java:158)
	at org.openqa.selenium.remote.service.DriverCommandExecutor.execute(DriverCommandExecutor.java:83)
	at org.openqa.selenium.remote.RemoteWebDriver.execute(RemoteWebDriver.java:548)
	at org.openqa.selenium.remote.RemoteWebDriver.findElement(RemoteWebDriver.java:322)
	at org.openqa.selenium.remote.RemoteWebDriver.findElementByXPath(RemoteWebDriver.java:424)
	at org.openqa.selenium.By$ByXPath.findElement(By.java:353)
	at org.openqa.selenium.remote.RemoteWebDriver.findElement(RemoteWebDriver.java:314)
	at org.openqa.selenium.support.events.EventFiringWebDriver.lambda$new$1(EventFiringWebDriver.java:105)
	at com.sun.proxy.$Proxy8.findElement(Unknown Source)
	at org.openqa.selenium.support.events.EventFiringWebDriver.findElement(EventFiringWebDriver.java:194)
	at com.policy.pac.tests.PricingPageTest.EducatioRiskManagementTest(PricingPageTest.java:138)
... Removed 42 stack frames</div></td></tr></table><p class="totop"><a href="#summary">back to summary</a></p><h3 id="m3">com.policy.pac.tests.ApplicantPageTest#applicantTest</h3><table class="result"></table><p class="totop"><a href="#summary">back to summary</a></p><h3 id="m4">com.policy.pac.tests.ClassDeterminationPageTest#EducatioRiskManagementTest</h3><table class="result"></table><p class="totop"><a href="#summary">back to summary</a></p><h3 id="m5">com.policy.pac.tests.CoveragePageTest#CoveragepageTest</h3><table class="result"></table><p class="totop"><a href="#summary">back to summary</a></p><h3 id="m6">com.policy.pac.tests.EducatioRiskManagementPageTest#EducatioRiskManagementTest</h3><table class="result"></table><p class="totop"><a href="#summary">back to summary</a></p><h3 id="m7">com.policy.pac.tests.HomePageTest#Navigatetonewquote</h3><table class="result"></table><p class="totop"><a href="#summary">back to summary</a></p><h3 id="m8">com.policy.pac.tests.NewQuotePageTest#populatedataonnewquotepageTest</h3><table class="result"></table><p class="totop"><a href="#summary">back to summary</a></p><h3 id="m9">com.policy.pac.tests.PaymentplanPageTest#EducatioRiskManagementTest</h3><table class="result"></table><p class="totop"><a href="#summary">back to summary</a></p><h3 id="m10">com.policy.pac.tests.PolicyPageTest#policyTest</h3><table class="result"></table><p class="totop"><a href="#summary">back to summary</a></p><h3 id="m11">com.policy.pac.tests.PricingPageTest#EducatioRiskManagementTest</h3><table class="result"><tr class="param"><th>Parameter #1</th><th>Parameter #2</th><th>Parameter #3</th><th>Parameter #4</th><th>Parameter #5</th><th>Parameter #6</th></tr><tr class="param stripe"><td>Arthur J Gallagher Risk Management Srvs, Inc (IL)</td><td>Fortress</td><td>AZ</td><td>Individual</td><td>Primary PL</td><td>Test Party 2 - AZ</td></tr></table><p class="totop"><a href="#summary">back to summary</a></p></body></html>