<?xml version="1.0" encoding="UTF-8"?>
<testng-results ignored="0" total="12" passed="9" failed="3" skipped="0">
  <reporter-output>
  </reporter-output>
  <suite started-at="2021-03-10T09:46:21Z" name="Command line suite" finished-at="2021-03-10T10:00:54Z" duration-ms="873241">
    <groups>
    </groups>
    <test started-at="2021-03-10T09:46:21Z" name="Command line test" finished-at="2021-03-10T10:00:54Z" duration-ms="873241">
      <class name="com.policy.pac.tests.CoveragePageTest">
        <test-method is-config="true" signature="setup()[pri:0, instance:com.policy.pac.tests.CoveragePageTest@13e39c73]" started-at="2021-03-10T15:20:38Z" name="setup" finished-at="2021-03-10T15:21:14Z" duration-ms="35554" status="PASS">
          <reporter-output>
          </reporter-output>
        </test-method> <!-- setup -->
        <test-method signature="CoveragepageTest()[pri:0, instance:com.policy.pac.tests.CoveragePageTest@13e39c73]" started-at="2021-03-10T15:21:14Z" name="CoveragepageTest" finished-at="2021-03-10T15:21:47Z" duration-ms="33198" status="PASS">
          <reporter-output>
          </reporter-output>
        </test-method> <!-- CoveragepageTest -->
        <test-method is-config="true" signature="teardown()[pri:0, instance:com.policy.pac.tests.CoveragePageTest@13e39c73]" started-at="2021-03-10T15:21:47Z" name="teardown" finished-at="2021-03-10T15:21:48Z" duration-ms="706" status="PASS">
          <reporter-output>
          </reporter-output>
        </test-method> <!-- teardown -->
      </class> <!-- com.policy.pac.tests.CoveragePageTest -->
      <class name="com.policy.pac.tests.EducatioRiskManagementPageTest">
        <test-method is-config="true" signature="setup()[pri:0, instance:com.policy.pac.tests.EducatioRiskManagementPageTest@64cd705f]" started-at="2021-03-10T15:22:59Z" name="setup" finished-at="2021-03-10T15:23:36Z" duration-ms="36816" status="PASS">
          <reporter-output>
          </reporter-output>
        </test-method> <!-- setup -->
        <test-method signature="EducatioRiskManagementTest()[pri:0, instance:com.policy.pac.tests.EducatioRiskManagementPageTest@64cd705f]" started-at="2021-03-10T15:23:36Z" name="EducatioRiskManagementTest" finished-at="2021-03-10T15:24:13Z" duration-ms="36848" status="PASS">
          <reporter-output>
          </reporter-output>
        </test-method> <!-- EducatioRiskManagementTest -->
        <test-method is-config="true" signature="teardown()[pri:0, instance:com.policy.pac.tests.EducatioRiskManagementPageTest@64cd705f]" started-at="2021-03-10T15:24:13Z" name="teardown" finished-at="2021-03-10T15:24:13Z" duration-ms="736" status="PASS">
          <reporter-output>
          </reporter-output>
        </test-method> <!-- teardown -->
      </class> <!-- com.policy.pac.tests.EducatioRiskManagementPageTest -->
      <class name="com.policy.pac.tests.HomePageTest">
        <test-method is-config="true" signature="setup()[pri:0, instance:com.policy.pac.tests.HomePageTest@9225652]" started-at="2021-03-10T15:30:21Z" name="setup" finished-at="2021-03-10T15:30:51Z" duration-ms="30679" status="PASS">
          <reporter-output>
          </reporter-output>
        </test-method> <!-- setup -->
        <test-method signature="Navigatetonewquote()[pri:0, instance:com.policy.pac.tests.HomePageTest@9225652]" started-at="2021-03-10T15:30:51Z" name="Navigatetonewquote" finished-at="2021-03-10T15:30:53Z" duration-ms="2135" status="PASS">
          <reporter-output>
          </reporter-output>
        </test-method> <!-- Navigatetonewquote -->
        <test-method is-config="true" signature="teardown()[pri:0, instance:com.policy.pac.tests.HomePageTest@9225652]" started-at="2021-03-10T15:30:53Z" name="teardown" finished-at="2021-03-10T15:30:54Z" duration-ms="778" status="PASS">
          <reporter-output>
          </reporter-output>
        </test-method> <!-- teardown -->
      </class> <!-- com.policy.pac.tests.HomePageTest -->
      <class name="com.policy.pac.tests.ApplicantPageTest">
        <test-method is-config="true" signature="setup()[pri:0, instance:com.policy.pac.tests.ApplicantPageTest@57c758ac]" started-at="2021-03-10T15:16:21Z" name="setup" finished-at="2021-03-10T15:17:03Z" duration-ms="41631" status="PASS">
          <reporter-output>
          </reporter-output>
        </test-method> <!-- setup -->
        <test-method signature="applicantTest()[pri:0, instance:com.policy.pac.tests.ApplicantPageTest@57c758ac]" started-at="2021-03-10T15:17:03Z" name="applicantTest" finished-at="2021-03-10T15:17:32Z" duration-ms="28960" status="PASS">
          <reporter-output>
          </reporter-output>
        </test-method> <!-- applicantTest -->
        <test-method is-config="true" signature="teardown()[pri:0, instance:com.policy.pac.tests.ApplicantPageTest@57c758ac]" started-at="2021-03-10T15:17:32Z" name="teardown" finished-at="2021-03-10T15:17:32Z" duration-ms="806" status="PASS">
          <reporter-output>
          </reporter-output>
        </test-method> <!-- teardown -->
      </class> <!-- com.policy.pac.tests.ApplicantPageTest -->
      <class name="com.policy.pac.tests.ClassDeterminationPageTest">
        <test-method is-config="true" signature="setup()[pri:0, instance:com.policy.pac.tests.ClassDeterminationPageTest@a9cd3b1]" started-at="2021-03-10T15:18:22Z" name="setup" finished-at="2021-03-10T15:18:57Z" duration-ms="34856" status="PASS">
          <reporter-output>
          </reporter-output>
        </test-method> <!-- setup -->
        <test-method signature="EducatioRiskManagementTest()[pri:0, instance:com.policy.pac.tests.ClassDeterminationPageTest@a9cd3b1]" started-at="2021-03-10T15:18:57Z" name="EducatioRiskManagementTest" finished-at="2021-03-10T15:19:36Z" duration-ms="38961" status="PASS">
          <reporter-output>
          </reporter-output>
        </test-method> <!-- EducatioRiskManagementTest -->
        <test-method is-config="true" signature="teardown()[pri:0, instance:com.policy.pac.tests.ClassDeterminationPageTest@a9cd3b1]" started-at="2021-03-10T15:19:36Z" name="teardown" finished-at="2021-03-10T15:19:37Z" duration-ms="725" status="PASS">
          <reporter-output>
          </reporter-output>
        </test-method> <!-- teardown -->
      </class> <!-- com.policy.pac.tests.ClassDeterminationPageTest -->
      <class name="com.policy.pac.tests.PricingPageTest">
        <test-method is-config="true" signature="setup()[pri:0, instance:com.policy.pac.tests.PricingPageTest@7e0b85f9]" started-at="2021-03-10T15:24:14Z" name="setup" finished-at="2021-03-10T15:24:52Z" duration-ms="37649" status="PASS">
          <reporter-output>
          </reporter-output>
        </test-method> <!-- setup -->
        <test-method signature="EducatioRiskManagementTest(java.lang.String, java.lang.String, java.lang.String, java.lang.String, java.lang.String, java.lang.String)[pri:0, instance:com.policy.pac.tests.PricingPageTest@7e0b85f9]" started-at="2021-03-10T15:24:52Z" name="EducatioRiskManagementTest" data-provider="getdatafromsheet" finished-at="2021-03-10T15:25:48Z" duration-ms="56422" status="FAIL">
          <params>
            <param index="0">
              <value>
                <![CDATA[Arthur J Gallagher Risk Management Srvs, Inc (IL)]]>
              </value>
            </param>
            <param index="1">
              <value>
                <![CDATA[Fortress]]>
              </value>
            </param>
            <param index="2">
              <value>
                <![CDATA[AK]]>
              </value>
            </param>
            <param index="3">
              <value>
                <![CDATA[Individual]]>
              </value>
            </param>
            <param index="4">
              <value>
                <![CDATA[Primary PL]]>
              </value>
            </param>
            <param index="5">
              <value>
                <![CDATA[Test Party 2 - AK]]>
              </value>
            </param>
          </params>
          <exception class="org.openqa.selenium.NoSuchElementException">
            <message>
              <![CDATA[no such element: Unable to locate element: {"method":"xpath","selector":".//*[@fieldref='PolicySummary.PolicyNumber']"}
  (Session info: chrome=88.0.4324.190)
For documentation on this error, please visit: http://seleniumhq.org/exceptions/no_such_element.html
Build info: version: '3.14.0', revision: 'aacccce0', time: '2018-08-02T20:19:58.91Z'
System info: host: 'MT-PF14FL5R', ip: '172.16.8.7', os.name: 'Windows 10', os.arch: 'amd64', os.version: '10.0', java.version: '11.0.10'
Driver info: org.openqa.selenium.chrome.ChromeDriver
Capabilities {acceptInsecureCerts: false, browserName: chrome, browserVersion: 88.0.4324.190, chrome: {chromedriverVersion: 88.0.4324.96 (68dba2d8a0b14..., userDataDir: C:\Users\M1056369\AppData\L...}, goog:chromeOptions: {debuggerAddress: localhost:53546}, javascriptEnabled: true, networkConnectionEnabled: false, pageLoadStrategy: normal, platform: WINDOWS, platformName: WINDOWS, proxy: Proxy(), setWindowRect: true, strictFileInteractability: false, timeouts: {implicit: 0, pageLoad: 300000, script: 30000}, unhandledPromptBehavior: dismiss and notify, webauthn:extension:largeBlob: true, webauthn:virtualAuthenticators: true}
Session ID: cb35f155b5e2e18ce46e85344bf63961
*** Element info: {Using=xpath, value=.//*[@fieldref='PolicySummary.PolicyNumber']}]]>
            </message>
            <full-stacktrace>
              <![CDATA[org.openqa.selenium.NoSuchElementException: no such element: Unable to locate element: {"method":"xpath","selector":".//*[@fieldref='PolicySummary.PolicyNumber']"}
  (Session info: chrome=88.0.4324.190)
For documentation on this error, please visit: http://seleniumhq.org/exceptions/no_such_element.html
Build info: version: '3.14.0', revision: 'aacccce0', time: '2018-08-02T20:19:58.91Z'
System info: host: 'MT-PF14FL5R', ip: '172.16.8.7', os.name: 'Windows 10', os.arch: 'amd64', os.version: '10.0', java.version: '11.0.10'
Driver info: org.openqa.selenium.chrome.ChromeDriver
Capabilities {acceptInsecureCerts: false, browserName: chrome, browserVersion: 88.0.4324.190, chrome: {chromedriverVersion: 88.0.4324.96 (68dba2d8a0b14..., userDataDir: C:\Users\M1056369\AppData\L...}, goog:chromeOptions: {debuggerAddress: localhost:53546}, javascriptEnabled: true, networkConnectionEnabled: false, pageLoadStrategy: normal, platform: WINDOWS, platformName: WINDOWS, proxy: Proxy(), setWindowRect: true, strictFileInteractability: false, timeouts: {implicit: 0, pageLoad: 300000, script: 30000}, unhandledPromptBehavior: dismiss and notify, webauthn:extension:largeBlob: true, webauthn:virtualAuthenticators: true}
Session ID: cb35f155b5e2e18ce46e85344bf63961
*** Element info: {Using=xpath, value=.//*[@fieldref='PolicySummary.PolicyNumber']}
	at java.base/jdk.internal.reflect.NativeConstructorAccessorImpl.newInstance0(Native Method)
	at java.base/jdk.internal.reflect.NativeConstructorAccessorImpl.newInstance(NativeConstructorAccessorImpl.java:62)
	at java.base/jdk.internal.reflect.DelegatingConstructorAccessorImpl.newInstance(DelegatingConstructorAccessorImpl.java:45)
	at java.base/java.lang.reflect.Constructor.newInstance(Constructor.java:490)
	at org.openqa.selenium.remote.http.W3CHttpResponseCodec.createException(W3CHttpResponseCodec.java:187)
	at org.openqa.selenium.remote.http.W3CHttpResponseCodec.decode(W3CHttpResponseCodec.java:122)
	at org.openqa.selenium.remote.http.W3CHttpResponseCodec.decode(W3CHttpResponseCodec.java:49)
	at org.openqa.selenium.remote.HttpCommandExecutor.execute(HttpCommandExecutor.java:158)
	at org.openqa.selenium.remote.service.DriverCommandExecutor.execute(DriverCommandExecutor.java:83)
	at org.openqa.selenium.remote.RemoteWebDriver.execute(RemoteWebDriver.java:548)
	at org.openqa.selenium.remote.RemoteWebDriver.findElement(RemoteWebDriver.java:322)
	at org.openqa.selenium.remote.RemoteWebDriver.findElementByXPath(RemoteWebDriver.java:424)
	at org.openqa.selenium.By$ByXPath.findElement(By.java:353)
	at org.openqa.selenium.remote.RemoteWebDriver.findElement(RemoteWebDriver.java:314)
	at jdk.internal.reflect.GeneratedMethodAccessor3.invoke(Unknown Source)
	at java.base/jdk.internal.reflect.DelegatingMethodAccessorImpl.invoke(DelegatingMethodAccessorImpl.java:43)
	at java.base/java.lang.reflect.Method.invoke(Method.java:566)
	at org.openqa.selenium.support.events.EventFiringWebDriver.lambda$new$1(EventFiringWebDriver.java:105)
	at com.sun.proxy.$Proxy8.findElement(Unknown Source)
	at org.openqa.selenium.support.events.EventFiringWebDriver.findElement(EventFiringWebDriver.java:194)
	at com.policy.pac.tests.PricingPageTest.EducatioRiskManagementTest(PricingPageTest.java:138)
	at java.base/jdk.internal.reflect.NativeMethodAccessorImpl.invoke0(Native Method)
	at java.base/jdk.internal.reflect.NativeMethodAccessorImpl.invoke(NativeMethodAccessorImpl.java:62)
	at java.base/jdk.internal.reflect.DelegatingMethodAccessorImpl.invoke(DelegatingMethodAccessorImpl.java:43)
	at java.base/java.lang.reflect.Method.invoke(Method.java:566)
	at org.testng.internal.MethodInvocationHelper.invokeMethod(MethodInvocationHelper.java:108)
	at org.testng.internal.Invoker.invokeMethod(Invoker.java:661)
	at org.testng.internal.Invoker.invokeTestMethod(Invoker.java:869)
	at org.testng.internal.Invoker.invokeTestMethods(Invoker.java:1193)
	at org.testng.internal.TestMethodWorker.invokeTestMethods(TestMethodWorker.java:126)
	at org.testng.internal.TestMethodWorker.run(TestMethodWorker.java:109)
	at org.testng.TestRunner.privateRun(TestRunner.java:744)
	at org.testng.TestRunner.run(TestRunner.java:602)
	at org.testng.SuiteRunner.runTest(SuiteRunner.java:380)
	at org.testng.SuiteRunner.runSequentially(SuiteRunner.java:375)
	at org.testng.SuiteRunner.privateRun(SuiteRunner.java:340)
	at org.testng.SuiteRunner.run(SuiteRunner.java:289)
	at org.testng.SuiteRunnerWorker.runSuite(SuiteRunnerWorker.java:52)
	at org.testng.SuiteRunnerWorker.run(SuiteRunnerWorker.java:86)
	at org.testng.TestNG.runSuitesSequentially(TestNG.java:1301)
	at org.testng.TestNG.runSuitesLocally(TestNG.java:1226)
	at org.testng.TestNG.runSuites(TestNG.java:1144)
	at org.testng.TestNG.run(TestNG.java:1115)
	at org.apache.maven.surefire.testng.TestNGExecutor.run(TestNGExecutor.java:77)
	at org.apache.maven.surefire.testng.TestNGDirectoryTestSuite.executeMulti(TestNGDirectoryTestSuite.java:159)
	at org.apache.maven.surefire.testng.TestNGDirectoryTestSuite.execute(TestNGDirectoryTestSuite.java:99)
	at org.apache.maven.surefire.testng.TestNGProvider.invoke(TestNGProvider.java:106)
	at java.base/jdk.internal.reflect.NativeMethodAccessorImpl.invoke0(Native Method)
	at java.base/jdk.internal.reflect.NativeMethodAccessorImpl.invoke(NativeMethodAccessorImpl.java:62)
	at java.base/jdk.internal.reflect.DelegatingMethodAccessorImpl.invoke(DelegatingMethodAccessorImpl.java:43)
	at java.base/java.lang.reflect.Method.invoke(Method.java:566)
	at org.apache.maven.surefire.util.ReflectionUtils.invokeMethodWithArray(ReflectionUtils.java:189)
	at org.apache.maven.surefire.booter.ProviderFactory$ProviderProxy.invoke(ProviderFactory.java:165)
	at org.apache.maven.surefire.booter.ProviderFactory.invokeProvider(ProviderFactory.java:85)
	at org.apache.maven.surefire.booter.ForkedBooter.runSuitesInProcess(ForkedBooter.java:115)
	at org.apache.maven.surefire.booter.ForkedBooter.main(ForkedBooter.java:75)
]]>
            </full-stacktrace>
          </exception> <!-- org.openqa.selenium.NoSuchElementException -->
          <reporter-output>
          </reporter-output>
        </test-method> <!-- EducatioRiskManagementTest -->
        <test-method is-config="true" signature="teardown()[pri:0, instance:com.policy.pac.tests.PricingPageTest@7e0b85f9]" started-at="2021-03-10T15:25:48Z" name="teardown" finished-at="2021-03-10T15:25:49Z" duration-ms="725" status="PASS">
          <reporter-output>
          </reporter-output>
        </test-method> <!-- teardown -->
        <test-method is-config="true" signature="setup()[pri:0, instance:com.policy.pac.tests.PricingPageTest@7e0b85f9]" started-at="2021-03-10T15:25:49Z" name="setup" finished-at="2021-03-10T15:26:26Z" duration-ms="37252" status="PASS">
          <reporter-output>
          </reporter-output>
        </test-method> <!-- setup -->
        <test-method signature="EducatioRiskManagementTest(java.lang.String, java.lang.String, java.lang.String, java.lang.String, java.lang.String, java.lang.String)[pri:0, instance:com.policy.pac.tests.PricingPageTest@7e0b85f9]" started-at="2021-03-10T15:26:26Z" name="EducatioRiskManagementTest" data-provider="getdatafromsheet" finished-at="2021-03-10T15:27:20Z" duration-ms="54476" status="PASS">
          <params>
            <param index="0">
              <value>
                <![CDATA[Arthur J Gallagher Risk Management Srvs, Inc (IL)]]>
              </value>
            </param>
            <param index="1">
              <value>
                <![CDATA[Fortress]]>
              </value>
            </param>
            <param index="2">
              <value>
                <![CDATA[AZ]]>
              </value>
            </param>
            <param index="3">
              <value>
                <![CDATA[Individual]]>
              </value>
            </param>
            <param index="4">
              <value>
                <![CDATA[Primary PL]]>
              </value>
            </param>
            <param index="5">
              <value>
                <![CDATA[Test Party 2 - AZ]]>
              </value>
            </param>
          </params>
          <reporter-output>
          </reporter-output>
        </test-method> <!-- EducatioRiskManagementTest -->
        <test-method is-config="true" signature="teardown()[pri:0, instance:com.policy.pac.tests.PricingPageTest@7e0b85f9]" started-at="2021-03-10T15:27:20Z" name="teardown" finished-at="2021-03-10T15:27:21Z" duration-ms="732" status="PASS">
          <reporter-output>
          </reporter-output>
        </test-method> <!-- teardown -->
        <test-method is-config="true" signature="setup()[pri:0, instance:com.policy.pac.tests.PricingPageTest@7e0b85f9]" started-at="2021-03-10T15:27:21Z" name="setup" finished-at="2021-03-10T15:27:58Z" duration-ms="37112" status="PASS">
          <reporter-output>
          </reporter-output>
        </test-method> <!-- setup -->
        <test-method signature="EducatioRiskManagementTest(java.lang.String, java.lang.String, java.lang.String, java.lang.String, java.lang.String, java.lang.String)[pri:0, instance:com.policy.pac.tests.PricingPageTest@7e0b85f9]" started-at="2021-03-10T15:27:58Z" name="EducatioRiskManagementTest" data-provider="getdatafromsheet" finished-at="2021-03-10T15:28:38Z" duration-ms="40158" status="FAIL">
          <params>
            <param index="0">
              <value>
                <![CDATA[Arthur J Gallagher Risk Management Srvs, Inc (IL)]]>
              </value>
            </param>
            <param index="1">
              <value>
                <![CDATA[Fortress]]>
              </value>
            </param>
            <param index="2">
              <value>
                <![CDATA[AK]]>
              </value>
            </param>
            <param index="3">
              <value>
                <![CDATA[Individual]]>
              </value>
            </param>
            <param index="4">
              <value>
                <![CDATA[Primary PL]]>
              </value>
            </param>
            <param index="5">
              <value>
                <![CDATA[Test Party 2 - AK]]>
              </value>
            </param>
          </params>
          <exception class="org.openqa.selenium.NoSuchElementException">
            <message>
              <![CDATA[no such element: Unable to locate element: {"method":"xpath","selector":".//*[@fieldref='PolicySummary.PolicyNumber']"}
  (Session info: chrome=88.0.4324.190)
For documentation on this error, please visit: http://seleniumhq.org/exceptions/no_such_element.html
Build info: version: '3.14.0', revision: 'aacccce0', time: '2018-08-02T20:19:58.91Z'
System info: host: 'MT-PF14FL5R', ip: '172.16.8.7', os.name: 'Windows 10', os.arch: 'amd64', os.version: '10.0', java.version: '11.0.10'
Driver info: org.openqa.selenium.chrome.ChromeDriver
Capabilities {acceptInsecureCerts: false, browserName: chrome, browserVersion: 88.0.4324.190, chrome: {chromedriverVersion: 88.0.4324.96 (68dba2d8a0b14..., userDataDir: C:\Users\M1056369\AppData\L...}, goog:chromeOptions: {debuggerAddress: localhost:53756}, javascriptEnabled: true, networkConnectionEnabled: false, pageLoadStrategy: normal, platform: WINDOWS, platformName: WINDOWS, proxy: Proxy(), setWindowRect: true, strictFileInteractability: false, timeouts: {implicit: 0, pageLoad: 300000, script: 30000}, unhandledPromptBehavior: dismiss and notify, webauthn:extension:largeBlob: true, webauthn:virtualAuthenticators: true}
Session ID: 73a84f568587feb844ffa269f70b3802
*** Element info: {Using=xpath, value=.//*[@fieldref='PolicySummary.PolicyNumber']}]]>
            </message>
            <full-stacktrace>
              <![CDATA[org.openqa.selenium.NoSuchElementException: no such element: Unable to locate element: {"method":"xpath","selector":".//*[@fieldref='PolicySummary.PolicyNumber']"}
  (Session info: chrome=88.0.4324.190)
For documentation on this error, please visit: http://seleniumhq.org/exceptions/no_such_element.html
Build info: version: '3.14.0', revision: 'aacccce0', time: '2018-08-02T20:19:58.91Z'
System info: host: 'MT-PF14FL5R', ip: '172.16.8.7', os.name: 'Windows 10', os.arch: 'amd64', os.version: '10.0', java.version: '11.0.10'
Driver info: org.openqa.selenium.chrome.ChromeDriver
Capabilities {acceptInsecureCerts: false, browserName: chrome, browserVersion: 88.0.4324.190, chrome: {chromedriverVersion: 88.0.4324.96 (68dba2d8a0b14..., userDataDir: C:\Users\M1056369\AppData\L...}, goog:chromeOptions: {debuggerAddress: localhost:53756}, javascriptEnabled: true, networkConnectionEnabled: false, pageLoadStrategy: normal, platform: WINDOWS, platformName: WINDOWS, proxy: Proxy(), setWindowRect: true, strictFileInteractability: false, timeouts: {implicit: 0, pageLoad: 300000, script: 30000}, unhandledPromptBehavior: dismiss and notify, webauthn:extension:largeBlob: true, webauthn:virtualAuthenticators: true}
Session ID: 73a84f568587feb844ffa269f70b3802
*** Element info: {Using=xpath, value=.//*[@fieldref='PolicySummary.PolicyNumber']}
	at java.base/jdk.internal.reflect.NativeConstructorAccessorImpl.newInstance0(Native Method)
	at java.base/jdk.internal.reflect.NativeConstructorAccessorImpl.newInstance(NativeConstructorAccessorImpl.java:62)
	at java.base/jdk.internal.reflect.DelegatingConstructorAccessorImpl.newInstance(DelegatingConstructorAccessorImpl.java:45)
	at java.base/java.lang.reflect.Constructor.newInstance(Constructor.java:490)
	at org.openqa.selenium.remote.http.W3CHttpResponseCodec.createException(W3CHttpResponseCodec.java:187)
	at org.openqa.selenium.remote.http.W3CHttpResponseCodec.decode(W3CHttpResponseCodec.java:122)
	at org.openqa.selenium.remote.http.W3CHttpResponseCodec.decode(W3CHttpResponseCodec.java:49)
	at org.openqa.selenium.remote.HttpCommandExecutor.execute(HttpCommandExecutor.java:158)
	at org.openqa.selenium.remote.service.DriverCommandExecutor.execute(DriverCommandExecutor.java:83)
	at org.openqa.selenium.remote.RemoteWebDriver.execute(RemoteWebDriver.java:548)
	at org.openqa.selenium.remote.RemoteWebDriver.findElement(RemoteWebDriver.java:322)
	at org.openqa.selenium.remote.RemoteWebDriver.findElementByXPath(RemoteWebDriver.java:424)
	at org.openqa.selenium.By$ByXPath.findElement(By.java:353)
	at org.openqa.selenium.remote.RemoteWebDriver.findElement(RemoteWebDriver.java:314)
	at jdk.internal.reflect.GeneratedMethodAccessor3.invoke(Unknown Source)
	at java.base/jdk.internal.reflect.DelegatingMethodAccessorImpl.invoke(DelegatingMethodAccessorImpl.java:43)
	at java.base/java.lang.reflect.Method.invoke(Method.java:566)
	at org.openqa.selenium.support.events.EventFiringWebDriver.lambda$new$1(EventFiringWebDriver.java:105)
	at com.sun.proxy.$Proxy8.findElement(Unknown Source)
	at org.openqa.selenium.support.events.EventFiringWebDriver.findElement(EventFiringWebDriver.java:194)
	at com.policy.pac.tests.PricingPageTest.EducatioRiskManagementTest(PricingPageTest.java:138)
	at java.base/jdk.internal.reflect.NativeMethodAccessorImpl.invoke0(Native Method)
	at java.base/jdk.internal.reflect.NativeMethodAccessorImpl.invoke(NativeMethodAccessorImpl.java:62)
	at java.base/jdk.internal.reflect.DelegatingMethodAccessorImpl.invoke(DelegatingMethodAccessorImpl.java:43)
	at java.base/java.lang.reflect.Method.invoke(Method.java:566)
	at org.testng.internal.MethodInvocationHelper.invokeMethod(MethodInvocationHelper.java:108)
	at org.testng.internal.Invoker.invokeMethod(Invoker.java:661)
	at org.testng.internal.Invoker.invokeTestMethod(Invoker.java:869)
	at org.testng.internal.Invoker.invokeTestMethods(Invoker.java:1193)
	at org.testng.internal.TestMethodWorker.invokeTestMethods(TestMethodWorker.java:126)
	at org.testng.internal.TestMethodWorker.run(TestMethodWorker.java:109)
	at org.testng.TestRunner.privateRun(TestRunner.java:744)
	at org.testng.TestRunner.run(TestRunner.java:602)
	at org.testng.SuiteRunner.runTest(SuiteRunner.java:380)
	at org.testng.SuiteRunner.runSequentially(SuiteRunner.java:375)
	at org.testng.SuiteRunner.privateRun(SuiteRunner.java:340)
	at org.testng.SuiteRunner.run(SuiteRunner.java:289)
	at org.testng.SuiteRunnerWorker.runSuite(SuiteRunnerWorker.java:52)
	at org.testng.SuiteRunnerWorker.run(SuiteRunnerWorker.java:86)
	at org.testng.TestNG.runSuitesSequentially(TestNG.java:1301)
	at org.testng.TestNG.runSuitesLocally(TestNG.java:1226)
	at org.testng.TestNG.runSuites(TestNG.java:1144)
	at org.testng.TestNG.run(TestNG.java:1115)
	at org.apache.maven.surefire.testng.TestNGExecutor.run(TestNGExecutor.java:77)
	at org.apache.maven.surefire.testng.TestNGDirectoryTestSuite.executeMulti(TestNGDirectoryTestSuite.java:159)
	at org.apache.maven.surefire.testng.TestNGDirectoryTestSuite.execute(TestNGDirectoryTestSuite.java:99)
	at org.apache.maven.surefire.testng.TestNGProvider.invoke(TestNGProvider.java:106)
	at java.base/jdk.internal.reflect.NativeMethodAccessorImpl.invoke0(Native Method)
	at java.base/jdk.internal.reflect.NativeMethodAccessorImpl.invoke(NativeMethodAccessorImpl.java:62)
	at java.base/jdk.internal.reflect.DelegatingMethodAccessorImpl.invoke(DelegatingMethodAccessorImpl.java:43)
	at java.base/java.lang.reflect.Method.invoke(Method.java:566)
	at org.apache.maven.surefire.util.ReflectionUtils.invokeMethodWithArray(ReflectionUtils.java:189)
	at org.apache.maven.surefire.booter.ProviderFactory$ProviderProxy.invoke(ProviderFactory.java:165)
	at org.apache.maven.surefire.booter.ProviderFactory.invokeProvider(ProviderFactory.java:85)
	at org.apache.maven.surefire.booter.ForkedBooter.runSuitesInProcess(ForkedBooter.java:115)
	at org.apache.maven.surefire.booter.ForkedBooter.main(ForkedBooter.java:75)
]]>
            </full-stacktrace>
          </exception> <!-- org.openqa.selenium.NoSuchElementException -->
          <reporter-output>
          </reporter-output>
        </test-method> <!-- EducatioRiskManagementTest -->
        <test-method is-config="true" signature="teardown()[pri:0, instance:com.policy.pac.tests.PricingPageTest@7e0b85f9]" started-at="2021-03-10T15:28:38Z" name="teardown" finished-at="2021-03-10T15:28:39Z" duration-ms="710" status="PASS">
          <reporter-output>
          </reporter-output>
        </test-method> <!-- teardown -->
        <test-method is-config="true" signature="setup()[pri:0, instance:com.policy.pac.tests.PricingPageTest@7e0b85f9]" started-at="2021-03-10T15:28:39Z" name="setup" finished-at="2021-03-10T15:29:22Z" duration-ms="43072" status="PASS">
          <reporter-output>
          </reporter-output>
        </test-method> <!-- setup -->
        <test-method signature="EducatioRiskManagementTest(java.lang.String, java.lang.String, java.lang.String, java.lang.String, java.lang.String, java.lang.String)[pri:0, instance:com.policy.pac.tests.PricingPageTest@7e0b85f9]" started-at="2021-03-10T15:29:22Z" name="EducatioRiskManagementTest" data-provider="getdatafromsheet" finished-at="2021-03-10T15:30:20Z" duration-ms="57530" status="FAIL">
          <params>
            <param index="0">
              <value>
                <![CDATA[Arthur J Gallagher Risk Management Srvs, Inc (IL)]]>
              </value>
            </param>
            <param index="1">
              <value>
                <![CDATA[Fortress]]>
              </value>
            </param>
            <param index="2">
              <value>
                <![CDATA[AZ]]>
              </value>
            </param>
            <param index="3">
              <value>
                <![CDATA[Individual]]>
              </value>
            </param>
            <param index="4">
              <value>
                <![CDATA[Primary PL]]>
              </value>
            </param>
            <param index="5">
              <value>
                <![CDATA[Test Party 2 - AZ]]>
              </value>
            </param>
          </params>
          <exception class="org.openqa.selenium.NoSuchElementException">
            <message>
              <![CDATA[no such element: Unable to locate element: {"method":"xpath","selector":".//*[@fieldref='PolicySummary.PolicyNumber']"}
  (Session info: chrome=88.0.4324.190)
For documentation on this error, please visit: http://seleniumhq.org/exceptions/no_such_element.html
Build info: version: '3.14.0', revision: 'aacccce0', time: '2018-08-02T20:19:58.91Z'
System info: host: 'MT-PF14FL5R', ip: '172.16.8.7', os.name: 'Windows 10', os.arch: 'amd64', os.version: '10.0', java.version: '11.0.10'
Driver info: org.openqa.selenium.chrome.ChromeDriver
Capabilities {acceptInsecureCerts: false, browserName: chrome, browserVersion: 88.0.4324.190, chrome: {chromedriverVersion: 88.0.4324.96 (68dba2d8a0b14..., userDataDir: C:\Users\M1056369\AppData\L...}, goog:chromeOptions: {debuggerAddress: localhost:53839}, javascriptEnabled: true, networkConnectionEnabled: false, pageLoadStrategy: normal, platform: WINDOWS, platformName: WINDOWS, proxy: Proxy(), setWindowRect: true, strictFileInteractability: false, timeouts: {implicit: 0, pageLoad: 300000, script: 30000}, unhandledPromptBehavior: dismiss and notify, webauthn:extension:largeBlob: true, webauthn:virtualAuthenticators: true}
Session ID: 7c6baeb3731523648d3ebf2169b8ab22
*** Element info: {Using=xpath, value=.//*[@fieldref='PolicySummary.PolicyNumber']}]]>
            </message>
            <full-stacktrace>
              <![CDATA[org.openqa.selenium.NoSuchElementException: no such element: Unable to locate element: {"method":"xpath","selector":".//*[@fieldref='PolicySummary.PolicyNumber']"}
  (Session info: chrome=88.0.4324.190)
For documentation on this error, please visit: http://seleniumhq.org/exceptions/no_such_element.html
Build info: version: '3.14.0', revision: 'aacccce0', time: '2018-08-02T20:19:58.91Z'
System info: host: 'MT-PF14FL5R', ip: '172.16.8.7', os.name: 'Windows 10', os.arch: 'amd64', os.version: '10.0', java.version: '11.0.10'
Driver info: org.openqa.selenium.chrome.ChromeDriver
Capabilities {acceptInsecureCerts: false, browserName: chrome, browserVersion: 88.0.4324.190, chrome: {chromedriverVersion: 88.0.4324.96 (68dba2d8a0b14..., userDataDir: C:\Users\M1056369\AppData\L...}, goog:chromeOptions: {debuggerAddress: localhost:53839}, javascriptEnabled: true, networkConnectionEnabled: false, pageLoadStrategy: normal, platform: WINDOWS, platformName: WINDOWS, proxy: Proxy(), setWindowRect: true, strictFileInteractability: false, timeouts: {implicit: 0, pageLoad: 300000, script: 30000}, unhandledPromptBehavior: dismiss and notify, webauthn:extension:largeBlob: true, webauthn:virtualAuthenticators: true}
Session ID: 7c6baeb3731523648d3ebf2169b8ab22
*** Element info: {Using=xpath, value=.//*[@fieldref='PolicySummary.PolicyNumber']}
	at java.base/jdk.internal.reflect.NativeConstructorAccessorImpl.newInstance0(Native Method)
	at java.base/jdk.internal.reflect.NativeConstructorAccessorImpl.newInstance(NativeConstructorAccessorImpl.java:62)
	at java.base/jdk.internal.reflect.DelegatingConstructorAccessorImpl.newInstance(DelegatingConstructorAccessorImpl.java:45)
	at java.base/java.lang.reflect.Constructor.newInstance(Constructor.java:490)
	at org.openqa.selenium.remote.http.W3CHttpResponseCodec.createException(W3CHttpResponseCodec.java:187)
	at org.openqa.selenium.remote.http.W3CHttpResponseCodec.decode(W3CHttpResponseCodec.java:122)
	at org.openqa.selenium.remote.http.W3CHttpResponseCodec.decode(W3CHttpResponseCodec.java:49)
	at org.openqa.selenium.remote.HttpCommandExecutor.execute(HttpCommandExecutor.java:158)
	at org.openqa.selenium.remote.service.DriverCommandExecutor.execute(DriverCommandExecutor.java:83)
	at org.openqa.selenium.remote.RemoteWebDriver.execute(RemoteWebDriver.java:548)
	at org.openqa.selenium.remote.RemoteWebDriver.findElement(RemoteWebDriver.java:322)
	at org.openqa.selenium.remote.RemoteWebDriver.findElementByXPath(RemoteWebDriver.java:424)
	at org.openqa.selenium.By$ByXPath.findElement(By.java:353)
	at org.openqa.selenium.remote.RemoteWebDriver.findElement(RemoteWebDriver.java:314)
	at jdk.internal.reflect.GeneratedMethodAccessor3.invoke(Unknown Source)
	at java.base/jdk.internal.reflect.DelegatingMethodAccessorImpl.invoke(DelegatingMethodAccessorImpl.java:43)
	at java.base/java.lang.reflect.Method.invoke(Method.java:566)
	at org.openqa.selenium.support.events.EventFiringWebDriver.lambda$new$1(EventFiringWebDriver.java:105)
	at com.sun.proxy.$Proxy8.findElement(Unknown Source)
	at org.openqa.selenium.support.events.EventFiringWebDriver.findElement(EventFiringWebDriver.java:194)
	at com.policy.pac.tests.PricingPageTest.EducatioRiskManagementTest(PricingPageTest.java:138)
	at java.base/jdk.internal.reflect.NativeMethodAccessorImpl.invoke0(Native Method)
	at java.base/jdk.internal.reflect.NativeMethodAccessorImpl.invoke(NativeMethodAccessorImpl.java:62)
	at java.base/jdk.internal.reflect.DelegatingMethodAccessorImpl.invoke(DelegatingMethodAccessorImpl.java:43)
	at java.base/java.lang.reflect.Method.invoke(Method.java:566)
	at org.testng.internal.MethodInvocationHelper.invokeMethod(MethodInvocationHelper.java:108)
	at org.testng.internal.Invoker.invokeMethod(Invoker.java:661)
	at org.testng.internal.Invoker.invokeTestMethod(Invoker.java:869)
	at org.testng.internal.Invoker.invokeTestMethods(Invoker.java:1193)
	at org.testng.internal.TestMethodWorker.invokeTestMethods(TestMethodWorker.java:126)
	at org.testng.internal.TestMethodWorker.run(TestMethodWorker.java:109)
	at org.testng.TestRunner.privateRun(TestRunner.java:744)
	at org.testng.TestRunner.run(TestRunner.java:602)
	at org.testng.SuiteRunner.runTest(SuiteRunner.java:380)
	at org.testng.SuiteRunner.runSequentially(SuiteRunner.java:375)
	at org.testng.SuiteRunner.privateRun(SuiteRunner.java:340)
	at org.testng.SuiteRunner.run(SuiteRunner.java:289)
	at org.testng.SuiteRunnerWorker.runSuite(SuiteRunnerWorker.java:52)
	at org.testng.SuiteRunnerWorker.run(SuiteRunnerWorker.java:86)
	at org.testng.TestNG.runSuitesSequentially(TestNG.java:1301)
	at org.testng.TestNG.runSuitesLocally(TestNG.java:1226)
	at org.testng.TestNG.runSuites(TestNG.java:1144)
	at org.testng.TestNG.run(TestNG.java:1115)
	at org.apache.maven.surefire.testng.TestNGExecutor.run(TestNGExecutor.java:77)
	at org.apache.maven.surefire.testng.TestNGDirectoryTestSuite.executeMulti(TestNGDirectoryTestSuite.java:159)
	at org.apache.maven.surefire.testng.TestNGDirectoryTestSuite.execute(TestNGDirectoryTestSuite.java:99)
	at org.apache.maven.surefire.testng.TestNGProvider.invoke(TestNGProvider.java:106)
	at java.base/jdk.internal.reflect.NativeMethodAccessorImpl.invoke0(Native Method)
	at java.base/jdk.internal.reflect.NativeMethodAccessorImpl.invoke(NativeMethodAccessorImpl.java:62)
	at java.base/jdk.internal.reflect.DelegatingMethodAccessorImpl.invoke(DelegatingMethodAccessorImpl.java:43)
	at java.base/java.lang.reflect.Method.invoke(Method.java:566)
	at org.apache.maven.surefire.util.ReflectionUtils.invokeMethodWithArray(ReflectionUtils.java:189)
	at org.apache.maven.surefire.booter.ProviderFactory$ProviderProxy.invoke(ProviderFactory.java:165)
	at org.apache.maven.surefire.booter.ProviderFactory.invokeProvider(ProviderFactory.java:85)
	at org.apache.maven.surefire.booter.ForkedBooter.runSuitesInProcess(ForkedBooter.java:115)
	at org.apache.maven.surefire.booter.ForkedBooter.main(ForkedBooter.java:75)
]]>
            </full-stacktrace>
          </exception> <!-- org.openqa.selenium.NoSuchElementException -->
          <reporter-output>
          </reporter-output>
        </test-method> <!-- EducatioRiskManagementTest -->
        <test-method is-config="true" signature="teardown()[pri:0, instance:com.policy.pac.tests.PricingPageTest@7e0b85f9]" started-at="2021-03-10T15:30:20Z" name="teardown" finished-at="2021-03-10T15:30:21Z" duration-ms="795" status="PASS">
          <reporter-output>
          </reporter-output>
        </test-method> <!-- teardown -->
      </class> <!-- com.policy.pac.tests.PricingPageTest -->
      <class name="com.policy.pac.tests.NewQuotePageTest">
        <test-method is-config="true" signature="setup()[pri:0, instance:com.policy.pac.tests.NewQuotePageTest@654f0d9c]" started-at="2021-03-10T15:17:32Z" name="setup" finished-at="2021-03-10T15:18:09Z" duration-ms="36528" status="PASS">
          <reporter-output>
          </reporter-output>
        </test-method> <!-- setup -->
        <test-method signature="populatedataonnewquotepageTest()[pri:0, instance:com.policy.pac.tests.NewQuotePageTest@654f0d9c]" started-at="2021-03-10T15:18:09Z" name="populatedataonnewquotepageTest" finished-at="2021-03-10T15:18:21Z" duration-ms="12430" status="PASS">
          <reporter-output>
          </reporter-output>
        </test-method> <!-- populatedataonnewquotepageTest -->
        <test-method is-config="true" signature="teardown()[pri:0, instance:com.policy.pac.tests.NewQuotePageTest@654f0d9c]" started-at="2021-03-10T15:18:21Z" name="teardown" finished-at="2021-03-10T15:18:22Z" duration-ms="748" status="PASS">
          <reporter-output>
          </reporter-output>
        </test-method> <!-- teardown -->
      </class> <!-- com.policy.pac.tests.NewQuotePageTest -->
      <class name="com.policy.pac.tests.PaymentplanPageTest">
        <test-method is-config="true" signature="setup()[pri:0, instance:com.policy.pac.tests.PaymentplanPageTest@6a400542]" started-at="2021-03-10T15:19:37Z" name="setup" finished-at="2021-03-10T15:20:11Z" duration-ms="33922" status="PASS">
          <reporter-output>
          </reporter-output>
        </test-method> <!-- setup -->
        <test-method signature="EducatioRiskManagementTest()[pri:0, instance:com.policy.pac.tests.PaymentplanPageTest@6a400542]" started-at="2021-03-10T15:20:11Z" name="EducatioRiskManagementTest" finished-at="2021-03-10T15:20:38Z" duration-ms="27140" status="PASS">
          <reporter-output>
          </reporter-output>
        </test-method> <!-- EducatioRiskManagementTest -->
        <test-method is-config="true" signature="teardown()[pri:0, instance:com.policy.pac.tests.PaymentplanPageTest@6a400542]" started-at="2021-03-10T15:20:38Z" name="teardown" finished-at="2021-03-10T15:20:38Z" duration-ms="689" status="PASS">
          <reporter-output>
          </reporter-output>
        </test-method> <!-- teardown -->
      </class> <!-- com.policy.pac.tests.PaymentplanPageTest -->
      <class name="com.policy.pac.tests.PolicyPageTest">
        <test-method is-config="true" signature="setup()[pri:0, instance:com.policy.pac.tests.PolicyPageTest@6580cfdd]" started-at="2021-03-10T15:21:48Z" name="setup" finished-at="2021-03-10T15:22:25Z" duration-ms="37250" status="PASS">
          <reporter-output>
          </reporter-output>
        </test-method> <!-- setup -->
        <test-method signature="policyTest()[pri:0, instance:com.policy.pac.tests.PolicyPageTest@6580cfdd]" started-at="2021-03-10T15:22:25Z" name="policyTest" finished-at="2021-03-10T15:22:58Z" duration-ms="33057" status="PASS">
          <reporter-output>
          </reporter-output>
        </test-method> <!-- policyTest -->
        <test-method is-config="true" signature="teardown()[pri:0, instance:com.policy.pac.tests.PolicyPageTest@6580cfdd]" started-at="2021-03-10T15:22:58Z" name="teardown" finished-at="2021-03-10T15:22:59Z" duration-ms="680" status="PASS">
          <reporter-output>
          </reporter-output>
        </test-method> <!-- teardown -->
      </class> <!-- com.policy.pac.tests.PolicyPageTest -->
    </test> <!-- Command line test -->
  </suite> <!-- Command line suite -->
</testng-results>
